d:\bkhn\ky_20212\ctdl&dt\btl_2\dictionary\x64\release\vc143.pdb
d:\bkhn\ky_20212\ctdl&dt\btl_2\dictionary\x64\release\.netframework,version=v4.7.2.assemblyattributes.obj
d:\bkhn\ky_20212\ctdl&dt\btl_2\dictionary\x64\release\search2.obj
d:\bkhn\ky_20212\ctdl&dt\btl_2\dictionary\x64\release\search1.obj
d:\bkhn\ky_20212\ctdl&dt\btl_2\dictionary\x64\release\popup.obj
d:\bkhn\ky_20212\ctdl&dt\btl_2\dictionary\x64\release\mainform.obj
d:\bkhn\ky_20212\ctdl&dt\btl_2\dictionary\x64\release\edit.obj
d:\bkhn\ky_20212\ctdl&dt\btl_2\x64\release\dictionary.exe
d:\bkhn\ky_20212\ctdl&dt\btl_2\x64\release\dictionary.pdb
d:\bkhn\ky_20212\ctdl&dt\btl_2\dictionary\x64\release\dictionary.res
d:\bkhn\ky_20212\ctdl&dt\btl_2\dictionary\x64\release\dictionary.tlog\cl.command.1.tlog
d:\bkhn\ky_20212\ctdl&dt\btl_2\dictionary\x64\release\dictionary.tlog\cl.read.1.tlog
d:\bkhn\ky_20212\ctdl&dt\btl_2\dictionary\x64\release\dictionary.tlog\cl.write.1.tlog
d:\bkhn\ky_20212\ctdl&dt\btl_2\dictionary\x64\release\dictionary.tlog\link.command.1.tlog
d:\bkhn\ky_20212\ctdl&dt\btl_2\dictionary\x64\release\dictionary.tlog\link.read.1.tlog
d:\bkhn\ky_20212\ctdl&dt\btl_2\dictionary\x64\release\dictionary.tlog\link.write.1.tlog
d:\bkhn\ky_20212\ctdl&dt\btl_2\dictionary\x64\release\dictionary.tlog\metagen.read.1.tlog
d:\bkhn\ky_20212\ctdl&dt\btl_2\dictionary\x64\release\dictionary.tlog\metagen.write.1.tlog
d:\bkhn\ky_20212\ctdl&dt\btl_2\dictionary\x64\release\dictionary.tlog\rc.command.1.tlog
d:\bkhn\ky_20212\ctdl&dt\btl_2\dictionary\x64\release\dictionary.tlog\rc.read.1.tlog
d:\bkhn\ky_20212\ctdl&dt\btl_2\dictionary\x64\release\dictionary.tlog\rc.write.1.tlog
d:\bkhn\ky_20212\ctdl&dt\btl_2\dictionary\x64\release\dictionary.tlog\resgen.command.1.tlog
d:\bkhn\ky_20212\ctdl&dt\btl_2\dictionary\x64\release\dictionary.tlog\resgen.read.1.tlog
d:\bkhn\ky_20212\ctdl&dt\btl_2\dictionary\x64\release\dictionary.tlog\resgen.write.1.tlog
